\BOOKMARK [0][-]{chapter*.7}{\376\377\000I\000n\000t\000r\000o\000d\000u\000c\000t\000i\000o\000n}{}% 1
\BOOKMARK [0][-]{chapter*.8}{\376\377\000C\000o\000m\000p\000a\000n\000y\000\040\000P\000r\000e\000s\000e\000n\000t\000a\000t\000i\000o\000n}{}% 2
\BOOKMARK [1][-]{section.0.1}{\376\377\000O\000v\000e\000r\000v\000i\000e\000w}{chapter*.8}% 3
\BOOKMARK [1][-]{section.0.2}{\376\377\000S\000e\000c\000t\000o\000r\000s\000\040\000o\000f\000\040\000A\000c\000t\000i\000v\000i\000t\000i\000e\000s}{chapter*.8}% 4
\BOOKMARK [2][-]{subsection.0.2.1}{\376\377\000S\000e\000r\000v\000i\000c\000e\000s\000\040\000o\000f\000f\000e\000r\000e\000d}{section.0.2}% 5
\BOOKMARK [1][-]{section.0.3}{\376\377\000O\000r\000g\000a\000n\000i\000z\000a\000t\000i\000o\000n\000a\000l\000\040\000s\000t\000r\000u\000c\000t\000u\000r\000e\000\040\000a\000n\000d\000\040\000H\000u\000m\000a\000n\000\040\000C\000a\000p\000i\000t\000a\000l}{chapter*.8}% 6
\BOOKMARK [0][-]{chapter*.12}{\376\377\000I\000n\000t\000e\000r\000n\000s\000h\000i\000p\000\040\000C\000o\000n\000t\000e\000x\000t\000\040\000a\000n\000d\000\040\000O\000b\000j\000e\000c\000t\000i\000v\000e\000s}{}% 7
\BOOKMARK [1][-]{section.0.4}{\376\377\000P\000r\000o\000b\000l\000e\000m\000\040\000S\000t\000a\000t\000e\000m\000e\000n\000t\000\040\000a\000n\000d\000\040\000M\000o\000t\000i\000v\000a\000t\000i\000o\000n}{chapter*.12}% 8
\BOOKMARK [2][-]{subsection.0.4.1}{\376\377\000M\000a\000r\000k\000e\000t\000\040\000C\000o\000n\000t\000e\000x\000t\000\040\000a\000n\000d\000\040\000E\000x\000i\000s\000t\000i\000n\000g\000\040\000S\000o\000l\000u\000t\000i\000o\000n\000s}{section.0.4}% 9
\BOOKMARK [1][-]{section.0.5}{\376\377\000D\000e\000s\000c\000r\000i\000p\000t\000i\000o\000n}{chapter*.12}% 10
\BOOKMARK [1][-]{section.0.6}{\376\377\000C\000o\000r\000e\000\040\000M\000i\000s\000s\000i\000o\000n\000,\000\040\000O\000b\000j\000e\000c\000t\000i\000v\000e\000s\000\040\000a\000n\000d\000\040\000E\000x\000p\000e\000c\000t\000e\000d\000\040\000R\000e\000s\000u\000l\000t\000s}{chapter*.12}% 11
\BOOKMARK [2][-]{subsection.0.6.1}{\376\377\000C\000o\000r\000e\000\040\000M\000i\000s\000s\000i\000o\000n}{section.0.6}% 12
\BOOKMARK [2][-]{subsection.0.6.2}{\376\377\000M\000a\000i\000n\000\040\000O\000b\000j\000e\000c\000t\000i\000v\000e\000s}{section.0.6}% 13
\BOOKMARK [2][-]{subsection.0.6.3}{\376\377\000E\000x\000p\000e\000c\000t\000e\000d\000\040\000R\000e\000s\000u\000l\000t\000s}{section.0.6}% 14
\BOOKMARK [1][-]{section.0.7}{\376\377\000I\000n\000t\000e\000r\000n\000s\000h\000i\000p\000\040\000t\000i\000m\000e\000l\000i\000n\000e\000\040}{chapter*.12}% 15
\BOOKMARK [0][-]{chapter*.13}{\376\377\000T\000h\000e\000o\000r\000i\000t\000i\000c\000a\000l\000\040\000F\000o\000u\000n\000d\000a\000t\000i\000o\000n\000s\000\040\000a\000n\000d\000\040\000S\000t\000a\000t\000e\000\040\000o\000f\000\040\000t\000h\000e\000\040\000A\000r\000t}{}% 16
\BOOKMARK [1][-]{section.0.8}{\376\377\000G\000e\000o\000s\000p\000a\000t\000i\000c\000a\000l\000\040\000A\000n\000a\000l\000y\000s\000i\000s\000\040\000f\000o\000r\000\040\000R\000i\000s\000k\000\040\000P\000r\000e\000d\000i\000c\000t\000i\000o\000n}{chapter*.13}% 17
\BOOKMARK [2][-]{subsection.0.8.1}{\376\377\000C\000r\000i\000m\000e\000\040\000H\000o\000t\000s\000p\000o\000t\000\040\000F\000o\000r\000e\000c\000a\000s\000t\000i\000n\000g\000\040\000a\000n\000d\000\040\000S\000p\000a\000t\000i\000a\000l\000\040\000A\000n\000a\000l\000y\000s\000i\000s}{section.0.8}% 18
\BOOKMARK [2][-]{subsection.0.8.2}{\376\377\000D\000e\000n\000s\000i\000t\000y\000-\000B\000a\000s\000e\000d\000\040\000C\000l\000u\000s\000t\000e\000r\000i\000n\000g\000\040\000f\000o\000r\000\040\000S\000p\000a\000t\000i\000a\000l\000\040\000D\000a\000t\000a}{section.0.8}% 19
\BOOKMARK [2][-]{subsection.0.8.3}{\376\377\000R\000e\000a\000l\000-\000t\000i\000m\000e\000\040\000R\000i\000s\000k\000\040\000A\000s\000s\000e\000s\000s\000m\000e\000n\000t\000\040\000S\000y\000s\000t\000e\000m\000s}{section.0.8}% 20
\BOOKMARK [1][-]{section.0.9}{\376\377\000V\000o\000c\000a\000l\000\040\000S\000i\000g\000n\000a\000l\000\040\000P\000r\000o\000c\000e\000s\000s\000i\000n\000g\000\040\000f\000o\000r\000\040\000D\000i\000s\000t\000r\000e\000s\000s\000\040\000D\000e\000t\000e\000c\000t\000i\000o\000n}{chapter*.13}% 21
\BOOKMARK [2][-]{subsection.0.9.1}{\376\377\000S\000p\000e\000e\000c\000h\000\040\000E\000m\000o\000t\000i\000o\000n\000\040\000R\000e\000c\000o\000g\000n\000i\000t\000i\000o\000n\000\040\000\050\000S\000E\000R\000\051}{section.0.9}% 22
\BOOKMARK [2][-]{subsection.0.9.2}{\376\377\000A\000u\000t\000o\000m\000a\000t\000i\000c\000\040\000S\000p\000e\000e\000c\000h\000\040\000R\000e\000c\000o\000g\000n\000i\000t\000i\000o\000n\000\040\000\050\000A\000S\000R\000\051}{section.0.9}% 23
\BOOKMARK [2][-]{subsection.0.9.3}{\376\377\000N\000a\000t\000u\000r\000a\000l\000\040\000L\000a\000n\000g\000u\000a\000g\000e\000\040\000P\000r\000o\000c\000e\000s\000s\000i\000n\000g\000\040\000\050\000N\000L\000P\000\051\000\040\000f\000o\000r\000\040\000I\000n\000t\000e\000n\000t\000\040\000A\000n\000a\000l\000y\000s\000i\000s}{section.0.9}% 24
\BOOKMARK [1][-]{section.0.10}{\376\377\000M\000a\000c\000h\000i\000n\000e\000\040\000L\000e\000a\000r\000n\000i\000n\000g\000\040\000f\000o\000r\000\040\000B\000e\000h\000a\000v\000i\000o\000r\000a\000l\000\040\000A\000n\000o\000m\000a\000l\000y\000\040\000D\000e\000t\000e\000c\000t\000i\000o\000n}{chapter*.13}% 25
\BOOKMARK [2][-]{subsection.0.10.1}{\376\377\000U\000n\000s\000u\000p\000e\000r\000v\000i\000s\000e\000d\000\040\000P\000r\000o\000f\000i\000l\000i\000n\000g\000\040\000o\000f\000\040\000U\000s\000e\000r\000\040\000R\000o\000u\000t\000i\000n\000e\000s}{section.0.10}% 26
\BOOKMARK [2][-]{subsection.0.10.2}{\376\377\000\040\000A\000n\000o\000m\000a\000l\000y\000\040\000S\000c\000o\000r\000i\000n\000g\000\040\000a\000s\000\040\000a\000\040\000M\000e\000a\000s\000u\000r\000e\000\040\000o\000f\000\040\000D\000e\000v\000i\000a\000t\000i\000o\000n}{section.0.10}% 27
\BOOKMARK [2][-]{subsection.0.10.3}{\376\377\000S\000u\000p\000e\000r\000v\000i\000s\000e\000d\000\040\000C\000l\000a\000s\000s\000i\000f\000i\000c\000a\000t\000i\000o\000n\000\040\000f\000o\000r\000\040\000I\000n\000c\000i\000d\000e\000n\000t\000\040\000P\000r\000e\000d\000i\000c\000t\000i\000o\000n}{section.0.10}% 28
\BOOKMARK [0][-]{chapter*.16}{\376\377\000D\000e\000s\000i\000g\000n\000\040\000a\000n\000d\000\040\000i\000m\000p\000l\000e\000m\000e\000n\000t\000a\000t\000i\000o\000n}{}% 29
\BOOKMARK [1][-]{section.0.11}{\376\377\000S\000y\000s\000t\000e\000m\000\040\000A\000r\000c\000h\000i\000t\000e\000c\000t\000u\000r\000e\000,\000\040\000I\000n\000t\000e\000g\000r\000a\000t\000i\000o\000n\000,\000\040\000a\000n\000d\000\040\000D\000e\000c\000i\000s\000i\000o\000n\000\040\000E\000n\000g\000i\000n\000e\000\040\000O\000v\000e\000r\000v\000i\000e\000w}{chapter*.16}% 30
\BOOKMARK [2][-]{subsection.0.11.1}{\376\377\000O\000v\000e\000r\000a\000l\000l\000\040\000S\000y\000s\000t\000e\000m\000\040\000A\000r\000c\000h\000i\000t\000e\000c\000t\000u\000r\000e}{section.0.11}% 31
\BOOKMARK [2][-]{subsection.0.11.2}{\376\377\000F\000i\000n\000a\000l\000\040\000D\000e\000c\000i\000s\000i\000o\000n\000\040\000E\000n\000g\000i\000n\000e\000\040\000D\000e\000s\000i\000g\000n}{section.0.11}% 32
\BOOKMARK [2][-]{subsection.0.11.3}{\376\377\000S\000y\000s\000t\000e\000m\000\040\000I\000n\000t\000e\000g\000r\000a\000t\000i\000o\000n\000\040\000a\000n\000d\000\040\000A\000P\000I\000\040\000D\000e\000s\000i\000g\000n}{section.0.11}% 33
\BOOKMARK [3][-]{subsubsection.0.11.3.1}{\376\377\000O\000n\000-\000d\000e\000m\000a\000n\000d\000\040\000A\000P\000I\000\040\000E\000n\000d\000p\000o\000i\000n\000t}{subsection.0.11.3}% 34
\BOOKMARK [3][-]{subsubsection.0.11.3.2}{\376\377\000A\000P\000I\000\040\000R\000e\000s\000p\000o\000n\000s\000e\000\040\000B\000o\000d\000y}{subsection.0.11.3}% 35
\BOOKMARK [3][-]{subsubsection.0.11.3.3}{\376\377\000A\000u\000t\000o\000m\000a\000t\000e\000d\000\040\000P\000e\000r\000i\000o\000d\000i\000c\000\040\000R\000i\000s\000k\000\040\000A\000s\000s\000e\000s\000s\000m\000e\000n\000t}{subsection.0.11.3}% 36
\BOOKMARK [2][-]{subsection.0.11.4}{\376\377\000T\000e\000c\000h\000n\000i\000c\000a\000l\000\040\000s\000t\000a\000c\000k\000\040\000a\000n\000d\000\040\000t\000o\000o\000l\000s\000\040\000u\000s\000e\000d}{section.0.11}% 37
\BOOKMARK [2][-]{subsection.0.11.5}{\376\377\000D\000a\000t\000a\000\040\000M\000a\000n\000a\000g\000e\000m\000e\000n\000t\000\040\000a\000n\000d\000\040\000P\000r\000e\000p\000r\000o\000c\000e\000s\000s\000i\000n\000g}{section.0.11}% 38
\BOOKMARK [1][-]{section.0.12}{\376\377\000I\000m\000p\000l\000e\000m\000e\000n\000t\000a\000t\000i\000o\000n\000\040\000o\000f\000\040\000t\000h\000e\000\040\000G\000e\000o\000s\000p\000a\000t\000i\000a\000l\000\040\000A\000n\000a\000l\000y\000s\000i\000s\000\040\000M\000o\000d\000u\000l\000e}{chapter*.16}% 39
\BOOKMARK [2][-]{subsection.0.12.1}{\376\377\000D\000a\000t\000a\000\040\000a\000c\000q\000u\000i\000s\000i\000t\000i\000o\000n\000\040\000a\000n\000d\000\040\000P\000r\000e\000p\000r\000o\000c\000e\000s\000s\000i\000n\000g}{section.0.12}% 40
\BOOKMARK [2][-]{subsection.0.12.2}{\376\377\000S\000p\000a\000t\000i\000a\000l\000\040\000C\000l\000u\000s\000t\000e\000r\000i\000n\000g\000\040\000I\000m\000p\000l\000e\000m\000e\000n\000t\000a\000t\000i\000o\000n}{section.0.12}% 41
\BOOKMARK [2][-]{subsection.0.12.3}{\376\377\000R\000i\000s\000k\000\040\000S\000c\000o\000r\000e\000\040\000C\000a\000l\000c\000u\000l\000a\000t\000i\000o\000n\000\040\000a\000n\000d\000\040\000I\000n\000t\000e\000g\000r\000a\000t\000i\000o\000n}{section.0.12}% 42
\BOOKMARK [1][-]{section.0.13}{\376\377\000I\000m\000p\000l\000e\000m\000e\000n\000t\000a\000t\000i\000o\000n\000\040\000o\000f\000\040\000t\000h\000e\000\040\000V\000o\000c\000a\000l\000\040\000S\000i\000g\000n\000a\000l\000\040\000P\000r\000o\000c\000e\000s\000s\000i\000n\000g\000\040\000P\000i\000p\000e\000l\000i\000n\000e}{chapter*.16}% 43
\BOOKMARK [2][-]{subsection.0.13.1}{\376\377\000V\000o\000c\000a\000l\000\040\000D\000a\000t\000a\000\040\000P\000r\000e\000p\000r\000o\000c\000e\000s\000s\000i\000n\000g}{section.0.13}% 44
\BOOKMARK [2][-]{subsection.0.13.2}{\376\377\000I\000n\000t\000e\000g\000r\000a\000t\000i\000o\000n\000\040\000o\000f\000\040\000S\000E\000R\000,\000\040\000A\000S\000R\000,\000\040\000a\000n\000d\000\040\000N\000L\000P\000\040\000f\000o\000r\000\040\000D\000i\000s\000t\000r\000e\000s\000s\000\040\000D\000e\000t\000e\000c\000t\000i\000o\000n}{section.0.13}% 45
\BOOKMARK [1][-]{section.0.14}{\376\377\000I\000m\000p\000l\000e\000m\000e\000n\000t\000a\000t\000i\000o\000n\000\040\000o\000f\000\040\000t\000h\000e\000\040\000B\000e\000h\000a\000v\000i\000o\000r\000a\000l\000\040\000P\000r\000o\000f\000i\000l\000i\000n\000g\000\040\000M\000o\000d\000u\000l\000e}{chapter*.16}% 46
\BOOKMARK [2][-]{subsection.0.14.1}{\376\377\000B\000e\000h\000a\000v\000i\000o\000r\000a\000l\000\040\000D\000a\000t\000a\000\040\000P\000r\000e\000p\000r\000o\000c\000e\000s\000s\000i\000n\000g}{section.0.14}% 47
\BOOKMARK [2][-]{subsection.0.14.2}{\376\377\000I\000m\000p\000l\000e\000m\000e\000n\000t\000a\000t\000i\000o\000n\000\040\000o\000f\000\040\000U\000n\000s\000u\000p\000e\000r\000v\000i\000s\000e\000d\000\040\000P\000r\000o\000f\000i\000l\000i\000n\000g}{section.0.14}% 48
\BOOKMARK [2][-]{subsection.0.14.3}{\376\377\000A\000n\000o\000m\000a\000l\000y\000\040\000S\000c\000o\000r\000i\000n\000g\000\040}{section.0.14}% 49
\BOOKMARK [0][-]{chapter*.18}{\376\377\000R\000e\000s\000u\000l\000t\000s\000\040\000a\000n\000d\000\040\000D\000i\000s\000c\000u\000s\000s\000i\000o\000n}{}% 50
\BOOKMARK [1][-]{section.0.15}{\376\377\000E\000v\000a\000l\000u\000a\000t\000i\000o\000n\000\040\000a\000n\000d\000\040\000R\000e\000s\000u\000l\000t\000s}{chapter*.18}% 51
\BOOKMARK [2][-]{subsection.0.15.1}{\376\377\000G\000e\000o\000s\000p\000a\000t\000i\000a\000l}{section.0.15}% 52
\BOOKMARK [1][-]{section.0.16}{\376\377\000D\000i\000s\000c\000u\000s\000s\000i\000o\000n}{chapter*.18}% 53
\BOOKMARK [0][-]{chapter*.20}{\376\377\000C\000o\000n\000c\000l\000u\000s\000i\000o\000n\000\040\000a\000n\000d\000\040\000p\000e\000r\000s\000p\000e\000c\000t\000i\000v\000e\000s}{}% 54
\BOOKMARK [0][-]{appendix*.21}{\376\377\000A\000p\000p\000e\000n\000d\000i\000x\000\040\0001}{}% 55
